0 info it worked if it ends with ok
1 verbose cli [ '/Users/ianmrak/.nvm/versions/node/v5.10.1/bin/node',
1 verbose cli   '/Users/ianmrak/.nvm/versions/node/v5.10.1/bin/npm',
1 verbose cli   'run',
1 verbose cli   'build' ]
2 info using npm@3.8.3
3 info using node@v5.10.1
4 verbose run-script [ 'prebuild', 'build', 'postbuild' ]
5 info lifecycle form-valid@1.0.0~prebuild: form-valid@1.0.0
6 silly lifecycle form-valid@1.0.0~prebuild: no script for prebuild, continuing
7 info lifecycle form-valid@1.0.0~build: form-valid@1.0.0
8 verbose lifecycle form-valid@1.0.0~build: unsafe-perm in lifecycle true
9 verbose lifecycle form-valid@1.0.0~build: PATH: /Users/ianmrak/.nvm/versions/node/v5.10.1/lib/node_modules/npm/bin/node-gyp-bin:/Users/ianmrak/Documents/Projects/Practice/meanApp/node_modules/.bin:/Users/ianmrak/.nvm/versions/node/v5.10.1/bin:/Users/ianmrak/.nvm/versions/node/v5.10.1/bin:/usr/local/bin:/usr/local/bin:/usr/bin:/bin:/usr/sbin:/sbin
10 verbose lifecycle form-valid@1.0.0~build: CWD: /Users/ianmrak/Documents/Projects/Practice/meanApp
11 silly lifecycle form-valid@1.0.0~build: Args: [ '-c',
11 silly lifecycle   'npm run sass && browserify src/form.js --standalone app -o public/js/scripts.js' ]
12 info lifecycle form-valid@1.0.0~build: Failed to exec build script
13 verbose stack Error: form-valid@1.0.0 build: `npm run sass && browserify src/form.js --standalone app -o public/js/scripts.js`
13 verbose stack spawn ENOENT
13 verbose stack     at ChildProcess.<anonymous> (/Users/ianmrak/.nvm/versions/node/v5.10.1/lib/node_modules/npm/lib/utils/spawn.js:17:16)
13 verbose stack     at emitTwo (events.js:100:13)
13 verbose stack     at ChildProcess.emit (events.js:185:7)
13 verbose stack     at maybeClose (internal/child_process.js:850:16)
13 verbose stack     at Process.ChildProcess._handle.onexit (internal/child_process.js:215:5)
14 verbose pkgid form-valid@1.0.0
15 verbose cwd /Users/ianmrak/Documents/Projects/Practice/meanApp/public/js/controllers
16 error Darwin 15.5.0
17 error argv "/Users/ianmrak/.nvm/versions/node/v5.10.1/bin/node" "/Users/ianmrak/.nvm/versions/node/v5.10.1/bin/npm" "run" "build"
18 error node v5.10.1
19 error npm  v3.8.3
20 error file sh
21 error code ELIFECYCLE
22 error errno ENOENT
23 error syscall spawn
24 error form-valid@1.0.0 build: `npm run sass && browserify src/form.js --standalone app -o public/js/scripts.js`
24 error spawn ENOENT
25 error Failed at the form-valid@1.0.0 build script 'npm run sass && browserify src/form.js --standalone app -o public/js/scripts.js'.
25 error Make sure you have the latest version of node.js and npm installed.
25 error If you do, this is most likely a problem with the form-valid package,
25 error not with npm itself.
25 error Tell the author that this fails on your system:
25 error     npm run sass && browserify src/form.js --standalone app -o public/js/scripts.js
25 error You can get information on how to open an issue for this project with:
25 error     npm bugs form-valid
25 error Or if that isn't available, you can get their info via:
25 error     npm owner ls form-valid
25 error There is likely additional logging output above.
26 verbose exit [ 1, true ]
